<?xml version="1.0" encoding="UTF-8"?>
<!-- Generated by org.testng.reporters.JUnitXMLReporter -->
<testsuite ignored="0" hostname="Rajesh-i5" failures="0" tests="4" name="Cargo" time="0.114" errors="0" timestamp="2022-09-28T23:28:26 IST">
  <testcase classname="carlmarx.carlmarx" name="day1" time="0.01"/>
  <testcase classname="carlmarx.carlmarx" name="day2" time="0.001"/>
  <testcase classname="carlmarx.Carlmarx1" name="county" time="0.002"/>
  <testcase classname="carlmarx.Carlmarx1" name="dragon" time="0.003"/>
</testsuite> <!-- Cargo -->
