<?xml version="1.0" encoding="UTF-8"?>
<!-- Generated by org.testng.reporters.JUnitXMLReporter -->
<testsuite ignored="2" hostname="Rajesh-i5" failures="0" tests="3" name="Regression" time="0.081" errors="0" timestamp="2022-09-28T23:41:46 IST">
  <testcase classname="carlmarx.carlmarx" name="day1" time="0.014"/>
  <testcase classname="carlmarx.Carlmarx1" name="dragon" time="0.004"/>
  <testcase classname="carlmarx.Carlmarx2" name="coddy" time="0.002"/>
  <testcase classname="carlmarx.Carlmarx1" name="county" time="0.0">
    <ignored/>
  </testcase> <!-- county -->
  <testcase classname="carlmarx.carlmarx" name="day2" time="0.0">
    <ignored/>
  </testcase> <!-- day2 -->
</testsuite> <!-- Regression -->
