<?xml version="1.0" encoding="UTF-8"?>
<testng-results ignored="2" total="5" passed="3" failed="0" skipped="0">
  <reporter-output>
  </reporter-output>
  <suite started-at="2022-09-28T23:41:46 IST" name="Robotic" finished-at="2022-09-28T23:41:46 IST" duration-ms="81">
    <groups>
      <group name="smoke">
        <method signature="Carlmarx1.dragon()[pri:0, instance:carlmarx.Carlmarx1@1184ab05]" name="dragon" class="carlmarx.Carlmarx1"/>
        <method signature="Carlmarx2.coddy()[pri:0, instance:carlmarx.Carlmarx2@3aefe5e5]" name="coddy" class="carlmarx.Carlmarx2"/>
        <method signature="carlmarx.day1()[pri:0, instance:carlmarx.carlmarx@4313f5bc]" name="day1" class="carlmarx.carlmarx"/>
      </group> <!-- smoke -->
    </groups>
    <test started-at="2022-09-28T23:41:46 IST" name="Regression" finished-at="2022-09-28T23:41:46 IST" duration-ms="81">
      <class name="carlmarx.Carlmarx2">
        <test-method signature="coddy()[pri:0, instance:carlmarx.Carlmarx2@3aefe5e5]" started-at="2022-09-28T23:41:46 IST" name="coddy" finished-at="2022-09-28T23:41:46 IST" duration-ms="2" status="PASS">
          <reporter-output>
          </reporter-output>
        </test-method> <!-- coddy -->
      </class> <!-- carlmarx.Carlmarx2 -->
      <class name="carlmarx.carlmarx">
        <test-method signature="day1()[pri:0, instance:carlmarx.carlmarx@4313f5bc]" started-at="2022-09-28T23:41:46 IST" name="day1" finished-at="2022-09-28T23:41:46 IST" duration-ms="14" status="PASS">
          <reporter-output>
          </reporter-output>
        </test-method> <!-- day1 -->
      </class> <!-- carlmarx.carlmarx -->
      <class name="carlmarx.Carlmarx1">
        <test-method signature="dragon()[pri:0, instance:carlmarx.Carlmarx1@1184ab05]" started-at="2022-09-28T23:41:46 IST" name="dragon" finished-at="2022-09-28T23:41:46 IST" duration-ms="4" status="PASS">
          <reporter-output>
          </reporter-output>
        </test-method> <!-- dragon -->
      </class> <!-- carlmarx.Carlmarx1 -->
    </test> <!-- Regression -->
  </suite> <!-- Robotic -->
</testng-results>
